<?xml version="1.0" encoding="UTF-8" ?>
<testsuite failures="0" time="1.06" errors="0" skipped="0" tests="0" name="TestSuite">
  <properties>
    <property name="java.runtime.name" value="Java(TM) SE Runtime Environment"/>
    <property name="sun.boot.library.path" value="/home/chiko/jdk1.7.0/jre/lib/amd64"/>
    <property name="java.vm.version" value="21.0-b17"/>
    <property name="java.vm.vendor" value="Oracle Corporation"/>
    <property name="java.vendor.url" value="http://java.oracle.com/"/>
    <property name="path.separator" value=":"/>
    <property name="java.vm.name" value="Java HotSpot(TM) 64-Bit Server VM"/>
    <property name="file.encoding.pkg" value="sun.io"/>
    <property name="user.country" value="US"/>
    <property name="sun.java.launcher" value="SUN_STANDARD"/>
    <property name="sun.os.patch.level" value="unknown"/>
    <property name="java.vm.specification.name" value="Java Virtual Machine Specification"/>
    <property name="user.dir" value="/home/chiko/dev/sqs/trunk/sqs-util"/>
    <property name="java.runtime.version" value="1.7.0-b147"/>
    <property name="java.awt.graphicsenv" value="sun.awt.X11GraphicsEnvironment"/>
    <property name="basedir" value="/home/chiko/dev/sqs/trunk/sqs-util"/>
    <property name="java.endorsed.dirs" value="/home/chiko/jdk1.7.0/jre/lib/endorsed"/>
    <property name="os.arch" value="amd64"/>
    <property name="surefire.real.class.path" value="/tmp/surefirebooter355711263145254863.jar"/>
    <property name="java.io.tmpdir" value="/tmp"/>
    <property name="line.separator" value="
"/>
    <property name="java.vm.specification.vendor" value="Oracle Corporation"/>
    <property name="os.name" value="Linux"/>
    <property name="sun.jnu.encoding" value="ANSI_X3.4-1968"/>
    <property name="java.library.path" value="/usr/java/packages/lib/amd64:/usr/lib64:/lib64:/lib:/usr/lib"/>
    <property name="surefire.test.class.path" value="/home/chiko/dev/sqs/trunk/sqs-util/target/test-classes:/home/chiko/dev/sqs/trunk/sqs-util/target/classes:/home/chiko/.m2/repository/jnlp/jnlp/1.6.0/jnlp-1.6.0.jar:/home/chiko/.m2/repository/log4j/log4j/1.2.12/log4j-1.2.12.jar:/home/chiko/.m2/repository/backport-util-concurrent/backport-util-concurrent/3.1/backport-util-concurrent-3.1.jar:/home/chiko/.m2/repository/net/sf/jsr107cache/jsr107cache/1.0/jsr107cache-1.0.jar:/home/chiko/.m2/repository/org/mortbay/jetty/jetty/6.1.9/jetty-6.1.9.jar:/home/chiko/.m2/repository/org/mortbay/jetty/jetty-util/6.1.9/jetty-util-6.1.9.jar:/home/chiko/.m2/repository/org/mortbay/jetty/servlet-api-2.5/6.1.9/servlet-api-2.5-6.1.9.jar:/home/chiko/.m2/repository/xerces/xercesImpl/2.9.1/xercesImpl-2.9.1.jar:/home/chiko/.m2/repository/xml-apis/xml-apis/1.0.b2/xml-apis-1.0.b2.jar:/home/chiko/.m2/repository/xalan/xalan/2.7.1/xalan-2.7.1.jar:/home/chiko/.m2/repository/xalan/serializer/2.7.1/serializer-2.7.1.jar:/home/chiko/.m2/repository/commons-io/commons-io/1.4/commons-io-1.4.jar:/home/chiko/.m2/repository/commons-lang/commons-lang/2.4/commons-lang-2.4.jar:/home/chiko/.m2/repository/commons-codec/commons-codec/1.3/commons-codec-1.3.jar:/home/chiko/.m2/repository/commons-collections/commons-collections/3.2.1/commons-collections-3.2.1.jar:/home/chiko/.m2/repository/net/sourceforge/collections/collections-generic/4.01/collections-generic-4.01.jar:/home/chiko/.m2/repository/gettext-commons/gettext-commons/0.9.6/gettext-commons-0.9.6.jar:/home/chiko/.m2/repository/org/testng/testng/5.14/testng-5.14.jar:/home/chiko/.m2/repository/junit/junit/4.10/junit-4.10.jar:/home/chiko/.m2/repository/org/beanshell/bsh/2.0b4/bsh-2.0b4.jar:/home/chiko/.m2/repository/com/google/inject/guice/2.0/guice-2.0.jar:/home/chiko/.m2/repository/aopalliance/aopalliance/1.0/aopalliance-1.0.jar:/home/chiko/.m2/repository/com/beust/jcommander/1.5/jcommander-1.5.jar:/home/chiko/.m2/repository/org/hamcrest/hamcrest-core/1.1/hamcrest-core-1.1.jar:/home/chiko/.m2/repository/org/apache/pdfbox/pdfbox/1.0.0/pdfbox-1.0.0.jar:/home/chiko/.m2/repository/org/apache/pdfbox/fontbox/1.0.0/fontbox-1.0.0.jar:/home/chiko/.m2/repository/org/apache/pdfbox/jempbox/1.0.0/jempbox-1.0.0.jar:/home/chiko/.m2/repository/commons-logging/commons-logging/1.1.1/commons-logging-1.1.1.jar:/home/chiko/.m2/repository/net/sf/ehcache/ehcache-core/2.1.0/ehcache-core-2.1.0.jar:/home/chiko/.m2/repository/org/slf4j/slf4j-api/1.5.11/slf4j-api-1.5.11.jar:/home/chiko/.m2/repository/net/sf/ehcache/ehcache-terracotta/2.1.0/ehcache-terracotta-2.1.0.jar:/home/chiko/.m2/repository/com/lowagie/itext/2.0.8/itext-2.0.8.jar:/home/chiko/.m2/repository/bouncycastle/bcmail-jdk14/138/bcmail-jdk14-138.jar:/home/chiko/.m2/repository/bouncycastle/bcprov-jdk14/138/bcprov-jdk14-138.jar:/home/chiko/.m2/repository/org/apache/xmlgraphics/xmlgraphics-commons/1.4/xmlgraphics-commons-1.4.jar:"/>
    <property name="java.specification.name" value="Java Platform API Specification"/>
    <property name="java.class.version" value="51.0"/>
    <property name="sun.management.compiler" value="HotSpot 64-Bit Tiered Compilers"/>
    <property name="os.version" value="3.0.0-12-server"/>
    <property name="user.home" value="/home/chiko"/>
    <property name="user.timezone" value="Asia/Tokyo"/>
    <property name="java.awt.printerjob" value="sun.print.PSPrinterJob"/>
    <property name="file.encoding" value="ANSI_X3.4-1968"/>
    <property name="java.specification.version" value="1.7"/>
    <property name="user.name" value="chiko"/>
    <property name="java.class.path" value="/home/chiko/dev/sqs/trunk/sqs-util/target/test-classes:/home/chiko/dev/sqs/trunk/sqs-util/target/classes:/home/chiko/.m2/repository/jnlp/jnlp/1.6.0/jnlp-1.6.0.jar:/home/chiko/.m2/repository/log4j/log4j/1.2.12/log4j-1.2.12.jar:/home/chiko/.m2/repository/backport-util-concurrent/backport-util-concurrent/3.1/backport-util-concurrent-3.1.jar:/home/chiko/.m2/repository/net/sf/jsr107cache/jsr107cache/1.0/jsr107cache-1.0.jar:/home/chiko/.m2/repository/org/mortbay/jetty/jetty/6.1.9/jetty-6.1.9.jar:/home/chiko/.m2/repository/org/mortbay/jetty/jetty-util/6.1.9/jetty-util-6.1.9.jar:/home/chiko/.m2/repository/org/mortbay/jetty/servlet-api-2.5/6.1.9/servlet-api-2.5-6.1.9.jar:/home/chiko/.m2/repository/xerces/xercesImpl/2.9.1/xercesImpl-2.9.1.jar:/home/chiko/.m2/repository/xml-apis/xml-apis/1.0.b2/xml-apis-1.0.b2.jar:/home/chiko/.m2/repository/xalan/xalan/2.7.1/xalan-2.7.1.jar:/home/chiko/.m2/repository/xalan/serializer/2.7.1/serializer-2.7.1.jar:/home/chiko/.m2/repository/commons-io/commons-io/1.4/commons-io-1.4.jar:/home/chiko/.m2/repository/commons-lang/commons-lang/2.4/commons-lang-2.4.jar:/home/chiko/.m2/repository/commons-codec/commons-codec/1.3/commons-codec-1.3.jar:/home/chiko/.m2/repository/commons-collections/commons-collections/3.2.1/commons-collections-3.2.1.jar:/home/chiko/.m2/repository/net/sourceforge/collections/collections-generic/4.01/collections-generic-4.01.jar:/home/chiko/.m2/repository/gettext-commons/gettext-commons/0.9.6/gettext-commons-0.9.6.jar:/home/chiko/.m2/repository/org/testng/testng/5.14/testng-5.14.jar:/home/chiko/.m2/repository/junit/junit/4.10/junit-4.10.jar:/home/chiko/.m2/repository/org/beanshell/bsh/2.0b4/bsh-2.0b4.jar:/home/chiko/.m2/repository/com/google/inject/guice/2.0/guice-2.0.jar:/home/chiko/.m2/repository/aopalliance/aopalliance/1.0/aopalliance-1.0.jar:/home/chiko/.m2/repository/com/beust/jcommander/1.5/jcommander-1.5.jar:/home/chiko/.m2/repository/org/hamcrest/hamcrest-core/1.1/hamcrest-core-1.1.jar:/home/chiko/.m2/repository/org/apache/pdfbox/pdfbox/1.0.0/pdfbox-1.0.0.jar:/home/chiko/.m2/repository/org/apache/pdfbox/fontbox/1.0.0/fontbox-1.0.0.jar:/home/chiko/.m2/repository/org/apache/pdfbox/jempbox/1.0.0/jempbox-1.0.0.jar:/home/chiko/.m2/repository/commons-logging/commons-logging/1.1.1/commons-logging-1.1.1.jar:/home/chiko/.m2/repository/net/sf/ehcache/ehcache-core/2.1.0/ehcache-core-2.1.0.jar:/home/chiko/.m2/repository/org/slf4j/slf4j-api/1.5.11/slf4j-api-1.5.11.jar:/home/chiko/.m2/repository/net/sf/ehcache/ehcache-terracotta/2.1.0/ehcache-terracotta-2.1.0.jar:/home/chiko/.m2/repository/com/lowagie/itext/2.0.8/itext-2.0.8.jar:/home/chiko/.m2/repository/bouncycastle/bcmail-jdk14/138/bcmail-jdk14-138.jar:/home/chiko/.m2/repository/bouncycastle/bcprov-jdk14/138/bcprov-jdk14-138.jar:/home/chiko/.m2/repository/org/apache/xmlgraphics/xmlgraphics-commons/1.4/xmlgraphics-commons-1.4.jar:"/>
    <property name="java.vm.specification.version" value="1.7"/>
    <property name="sun.arch.data.model" value="64"/>
    <property name="java.home" value="/home/chiko/jdk1.7.0/jre"/>
    <property name="sun.java.command" value="/tmp/surefirebooter355711263145254863.jar /tmp/surefire3908424400171557289tmp /tmp/surefire8118446516609169322tmp"/>
    <property name="java.specification.vendor" value="Oracle Corporation"/>
    <property name="user.language" value="en"/>
    <property name="awt.toolkit" value="sun.awt.X11.XToolkit"/>
    <property name="java.vm.info" value="mixed mode"/>
    <property name="java.version" value="1.7.0"/>
    <property name="java.ext.dirs" value="/home/chiko/jdk1.7.0/jre/lib/ext:/usr/java/packages/lib/ext"/>
    <property name="sun.boot.class.path" value="/home/chiko/jdk1.7.0/jre/lib/resources.jar:/home/chiko/jdk1.7.0/jre/lib/rt.jar:/home/chiko/jdk1.7.0/jre/lib/sunrsasign.jar:/home/chiko/jdk1.7.0/jre/lib/jsse.jar:/home/chiko/jdk1.7.0/jre/lib/jce.jar:/home/chiko/jdk1.7.0/jre/lib/charsets.jar:/home/chiko/jdk1.7.0/jre/classes"/>
    <property name="java.vendor" value="Oracle Corporation"/>
    <property name="localRepository" value="/home/chiko/.m2/repository"/>
    <property name="file.separator" value="/"/>
    <property name="java.vendor.url.bug" value="http://bugreport.sun.com/bugreport/"/>
    <property name="sun.cpu.endian" value="little"/>
    <property name="sun.io.unicode.encoding" value="UnicodeLittle"/>
    <property name="sun.cpu.isalist" value=""/>
  </properties>
</testsuite>