<?xml version="1.0" encoding="UTF-8" ?>
<testsuite failures="0" time="1.536" errors="0" skipped="0" tests="8" name="TestSuite">
  <properties>
    <property name="java.runtime.name" value="Java(TM) SE Runtime Environment"/>
    <property name="sun.boot.library.path" value="/home/chiko/jdk1.7.0/jre/lib/amd64"/>
    <property name="java.vm.version" value="21.0-b17"/>
    <property name="java.vm.vendor" value="Oracle Corporation"/>
    <property name="java.vendor.url" value="http://java.oracle.com/"/>
    <property name="path.separator" value=":"/>
    <property name="java.vm.name" value="Java HotSpot(TM) 64-Bit Server VM"/>
    <property name="file.encoding.pkg" value="sun.io"/>
    <property name="user.country" value="US"/>
    <property name="sun.java.launcher" value="SUN_STANDARD"/>
    <property name="sun.os.patch.level" value="unknown"/>
    <property name="java.vm.specification.name" value="Java Virtual Machine Specification"/>
    <property name="user.dir" value="/home/chiko/dev/sqs/trunk/sqs-reader"/>
    <property name="java.runtime.version" value="1.7.0-b147"/>
    <property name="java.awt.graphicsenv" value="sun.awt.X11GraphicsEnvironment"/>
    <property name="basedir" value="/home/chiko/dev/sqs/trunk/sqs-reader"/>
    <property name="java.endorsed.dirs" value="/home/chiko/jdk1.7.0/jre/lib/endorsed"/>
    <property name="os.arch" value="amd64"/>
    <property name="surefire.real.class.path" value="/home/chiko/dev/sqs/trunk/sqs-reader/target/surefire/surefirebooter4002043274487997020.jar"/>
    <property name="java.io.tmpdir" value="/tmp"/>
    <property name="line.separator" value="
"/>
    <property name="java.vm.specification.vendor" value="Oracle Corporation"/>
    <property name="os.name" value="Linux"/>
    <property name="sun.jnu.encoding" value="ANSI_X3.4-1968"/>
    <property name="java.library.path" value="/usr/java/packages/lib/amd64:/usr/lib64:/lib64:/lib:/usr/lib"/>
    <property name="surefire.test.class.path" value="/home/chiko/dev/sqs/trunk/sqs-reader/target/test-classes:/home/chiko/dev/sqs/trunk/sqs-reader/target/classes:/home/chiko/.m2/repository/org/testng/testng/5.12.1/testng-5.12.1.jar:/home/chiko/.m2/repository/junit/junit/3.8.1/junit-3.8.1.jar:/home/chiko/.m2/repository/jnlp/jnlp/1.6.0/jnlp-1.6.0.jar:/home/chiko/.m2/repository/net/sqs2/sqs-util/1.4.11/sqs-util-1.4.11.jar:/home/chiko/.m2/repository/log4j/log4j/1.2.12/log4j-1.2.12.jar:/home/chiko/.m2/repository/backport-util-concurrent/backport-util-concurrent/3.1/backport-util-concurrent-3.1.jar:/home/chiko/.m2/repository/net/sf/jsr107cache/jsr107cache/1.0/jsr107cache-1.0.jar:/home/chiko/.m2/repository/org/mortbay/jetty/jetty/6.1.9/jetty-6.1.9.jar:/home/chiko/.m2/repository/org/mortbay/jetty/jetty-util/6.1.9/jetty-util-6.1.9.jar:/home/chiko/.m2/repository/org/mortbay/jetty/servlet-api-2.5/6.1.9/servlet-api-2.5-6.1.9.jar:/home/chiko/.m2/repository/xerces/xercesImpl/2.9.1/xercesImpl-2.9.1.jar:/home/chiko/.m2/repository/xml-apis/xml-apis/1.0.b2/xml-apis-1.0.b2.jar:/home/chiko/.m2/repository/xalan/xalan/2.7.1/xalan-2.7.1.jar:/home/chiko/.m2/repository/xalan/serializer/2.7.1/serializer-2.7.1.jar:/home/chiko/.m2/repository/commons-io/commons-io/1.4/commons-io-1.4.jar:/home/chiko/.m2/repository/commons-lang/commons-lang/2.4/commons-lang-2.4.jar:/home/chiko/.m2/repository/commons-codec/commons-codec/1.3/commons-codec-1.3.jar:/home/chiko/.m2/repository/commons-collections/commons-collections/3.2.1/commons-collections-3.2.1.jar:/home/chiko/.m2/repository/net/sourceforge/collections/collections-generic/4.01/collections-generic-4.01.jar:/home/chiko/.m2/repository/gettext-commons/gettext-commons/0.9.6/gettext-commons-0.9.6.jar:/home/chiko/.m2/repository/org/hamcrest/hamcrest-core/1.1/hamcrest-core-1.1.jar:/home/chiko/.m2/repository/org/apache/pdfbox/pdfbox/1.0.0/pdfbox-1.0.0.jar:/home/chiko/.m2/repository/org/apache/pdfbox/fontbox/1.0.0/fontbox-1.0.0.jar:/home/chiko/.m2/repository/org/apache/pdfbox/jempbox/1.0.0/jempbox-1.0.0.jar:/home/chiko/.m2/repository/commons-logging/commons-logging/1.1/commons-logging-1.1.jar:/home/chiko/.m2/repository/net/sf/ehcache/ehcache-core/2.3.2/ehcache-core-2.3.2.jar:/home/chiko/.m2/repository/org/slf4j/slf4j-api/1.5.11/slf4j-api-1.5.11.jar:/home/chiko/.m2/repository/net/sf/ehcache/ehcache-terracotta/2.3.2/ehcache-terracotta-2.3.2.jar:/home/chiko/.m2/repository/com/lowagie/itext/2.0.8/itext-2.0.8.jar:/home/chiko/.m2/repository/org/apache/xmlgraphics/xmlgraphics-commons/1.4/xmlgraphics-commons-1.4.jar:/home/chiko/.m2/repository/antlr/antlr/2.7.1/antlr-2.7.1.jar:/home/chiko/.m2/repository/logkit/logkit/1.0.1/logkit-1.0.1.jar:/home/chiko/.m2/repository/avalon-framework/avalon-framework/4.1.3/avalon-framework-4.1.3.jar:/home/chiko/.m2/repository/javax/servlet/servlet-api/2.3/servlet-api-2.3.jar:/home/chiko/.m2/repository/commons-beanutils/commons-beanutils/1.7.0/commons-beanutils-1.7.0.jar:/home/chiko/.m2/repository/commons-digester/commons-digester/1.8/commons-digester-1.8.jar:/home/chiko/.m2/repository/bouncycastle/bcmail-jdk14/138/bcmail-jdk14-138.jar:/home/chiko/.m2/repository/bouncycastle/bcprov-jdk14/138/bcprov-jdk14-138.jar:/home/chiko/.m2/repository/avalon-framework/avalon-framework-api/4.2.0/avalon-framework-api-4.2.0.jar:/home/chiko/.m2/repository/avalon-framework/avalon-framework-impl/4.2.0/avalon-framework-impl-4.2.0.jar:/home/chiko/.m2/repository/jfree/jfreechart/1.0.9/jfreechart-1.0.9.jar:/home/chiko/.m2/repository/jfree/jcommon/1.0.12/jcommon-1.0.12.jar:/home/chiko/.m2/repository/org/apache/velocity/velocity/1.6-beta1/velocity-1.6-beta1.jar:/home/chiko/.m2/repository/oro/oro/2.0.8/oro-2.0.8.jar:/home/chiko/.m2/repository/org/freemarker/freemarker/2.3.15/freemarker-2.3.15.jar:/home/chiko/.m2/repository/rhino/js/1.7R1/js-1.7R1.jar:/home/chiko/.m2/repository/org/apache/poi/poi/3.7/poi-3.7.jar:/home/chiko/.m2/repository/org/apache/poi/poi-ooxml/3.7/poi-ooxml-3.7.jar:/home/chiko/.m2/repository/org/apache/poi/poi-ooxml-schemas/3.7/poi-ooxml-schemas-3.7.jar:/home/chiko/.m2/repository/org/apache/xmlbeans/xmlbeans/2.3.0/xmlbeans-2.3.0.jar:/home/chiko/.m2/repository/stax/stax-api/1.0.1/stax-api-1.0.1.jar:/home/chiko/.m2/repository/org/apache/geronimo/specs/geronimo-stax-api_1.0_spec/1.0/geronimo-stax-api_1.0_spec-1.0.jar:/home/chiko/.m2/repository/dom4j/dom4j/1.6.1/dom4j-1.6.1.jar:/home/chiko/.m2/repository/net/sourceforge/jwebunit/jwebunit-core/2.2/jwebunit-core-2.2.jar:/home/chiko/.m2/repository/regexp/regexp/1.3/regexp-1.3.jar:/home/chiko/.m2/repository/org/mockito/mockito-all/1.7/mockito-all-1.7.jar:/home/chiko/.m2/repository/org/slf4j/slf4j-log4j12/1.5.11/slf4j-log4j12-1.5.11.jar:/home/chiko/.m2/repository/org/apache/httpcomponents/httpcore/4.0.1/httpcore-4.0.1.jar:/home/chiko/.m2/repository/org/apache/httpcomponents/httpcore-nio/4.0.1/httpcore-nio-4.0.1.jar:/home/chiko/.m2/repository/org/apache/httpcomponents/httpclient/4.0.1/httpclient-4.0.1.jar:/home/chiko/.m2/repository/com/google/code/guice/guice/1.0/guice-1.0.jar:/home/chiko/.m2/repository/org/apache/maven/surefire/surefire-testng-utils/2.8/surefire-testng-utils-2.8.jar:"/>
    <property name="java.specification.name" value="Java Platform API Specification"/>
    <property name="java.class.version" value="51.0"/>
    <property name="sun.management.compiler" value="HotSpot 64-Bit Tiered Compilers"/>
    <property name="os.version" value="3.0.0-12-server"/>
    <property name="user.home" value="/home/chiko"/>
    <property name="user.timezone" value="Asia/Tokyo"/>
    <property name="java.awt.printerjob" value="sun.print.PSPrinterJob"/>
    <property name="file.encoding" value="ANSI_X3.4-1968"/>
    <property name="java.specification.version" value="1.7"/>
    <property name="user.name" value="chiko"/>
    <property name="java.class.path" value="/home/chiko/dev/sqs/trunk/sqs-reader/target/test-classes:/home/chiko/dev/sqs/trunk/sqs-reader/target/classes:/home/chiko/.m2/repository/org/testng/testng/5.12.1/testng-5.12.1.jar:/home/chiko/.m2/repository/junit/junit/3.8.1/junit-3.8.1.jar:/home/chiko/.m2/repository/jnlp/jnlp/1.6.0/jnlp-1.6.0.jar:/home/chiko/.m2/repository/net/sqs2/sqs-util/1.4.11/sqs-util-1.4.11.jar:/home/chiko/.m2/repository/log4j/log4j/1.2.12/log4j-1.2.12.jar:/home/chiko/.m2/repository/backport-util-concurrent/backport-util-concurrent/3.1/backport-util-concurrent-3.1.jar:/home/chiko/.m2/repository/net/sf/jsr107cache/jsr107cache/1.0/jsr107cache-1.0.jar:/home/chiko/.m2/repository/org/mortbay/jetty/jetty/6.1.9/jetty-6.1.9.jar:/home/chiko/.m2/repository/org/mortbay/jetty/jetty-util/6.1.9/jetty-util-6.1.9.jar:/home/chiko/.m2/repository/org/mortbay/jetty/servlet-api-2.5/6.1.9/servlet-api-2.5-6.1.9.jar:/home/chiko/.m2/repository/xerces/xercesImpl/2.9.1/xercesImpl-2.9.1.jar:/home/chiko/.m2/repository/xml-apis/xml-apis/1.0.b2/xml-apis-1.0.b2.jar:/home/chiko/.m2/repository/xalan/xalan/2.7.1/xalan-2.7.1.jar:/home/chiko/.m2/repository/xalan/serializer/2.7.1/serializer-2.7.1.jar:/home/chiko/.m2/repository/commons-io/commons-io/1.4/commons-io-1.4.jar:/home/chiko/.m2/repository/commons-lang/commons-lang/2.4/commons-lang-2.4.jar:/home/chiko/.m2/repository/commons-codec/commons-codec/1.3/commons-codec-1.3.jar:/home/chiko/.m2/repository/commons-collections/commons-collections/3.2.1/commons-collections-3.2.1.jar:/home/chiko/.m2/repository/net/sourceforge/collections/collections-generic/4.01/collections-generic-4.01.jar:/home/chiko/.m2/repository/gettext-commons/gettext-commons/0.9.6/gettext-commons-0.9.6.jar:/home/chiko/.m2/repository/org/hamcrest/hamcrest-core/1.1/hamcrest-core-1.1.jar:/home/chiko/.m2/repository/org/apache/pdfbox/pdfbox/1.0.0/pdfbox-1.0.0.jar:/home/chiko/.m2/repository/org/apache/pdfbox/fontbox/1.0.0/fontbox-1.0.0.jar:/home/chiko/.m2/repository/org/apache/pdfbox/jempbox/1.0.0/jempbox-1.0.0.jar:/home/chiko/.m2/repository/commons-logging/commons-logging/1.1/commons-logging-1.1.jar:/home/chiko/.m2/repository/net/sf/ehcache/ehcache-core/2.3.2/ehcache-core-2.3.2.jar:/home/chiko/.m2/repository/org/slf4j/slf4j-api/1.5.11/slf4j-api-1.5.11.jar:/home/chiko/.m2/repository/net/sf/ehcache/ehcache-terracotta/2.3.2/ehcache-terracotta-2.3.2.jar:/home/chiko/.m2/repository/com/lowagie/itext/2.0.8/itext-2.0.8.jar:/home/chiko/.m2/repository/org/apache/xmlgraphics/xmlgraphics-commons/1.4/xmlgraphics-commons-1.4.jar:/home/chiko/.m2/repository/antlr/antlr/2.7.1/antlr-2.7.1.jar:/home/chiko/.m2/repository/logkit/logkit/1.0.1/logkit-1.0.1.jar:/home/chiko/.m2/repository/avalon-framework/avalon-framework/4.1.3/avalon-framework-4.1.3.jar:/home/chiko/.m2/repository/javax/servlet/servlet-api/2.3/servlet-api-2.3.jar:/home/chiko/.m2/repository/commons-beanutils/commons-beanutils/1.7.0/commons-beanutils-1.7.0.jar:/home/chiko/.m2/repository/commons-digester/commons-digester/1.8/commons-digester-1.8.jar:/home/chiko/.m2/repository/bouncycastle/bcmail-jdk14/138/bcmail-jdk14-138.jar:/home/chiko/.m2/repository/bouncycastle/bcprov-jdk14/138/bcprov-jdk14-138.jar:/home/chiko/.m2/repository/avalon-framework/avalon-framework-api/4.2.0/avalon-framework-api-4.2.0.jar:/home/chiko/.m2/repository/avalon-framework/avalon-framework-impl/4.2.0/avalon-framework-impl-4.2.0.jar:/home/chiko/.m2/repository/jfree/jfreechart/1.0.9/jfreechart-1.0.9.jar:/home/chiko/.m2/repository/jfree/jcommon/1.0.12/jcommon-1.0.12.jar:/home/chiko/.m2/repository/org/apache/velocity/velocity/1.6-beta1/velocity-1.6-beta1.jar:/home/chiko/.m2/repository/oro/oro/2.0.8/oro-2.0.8.jar:/home/chiko/.m2/repository/org/freemarker/freemarker/2.3.15/freemarker-2.3.15.jar:/home/chiko/.m2/repository/rhino/js/1.7R1/js-1.7R1.jar:/home/chiko/.m2/repository/org/apache/poi/poi/3.7/poi-3.7.jar:/home/chiko/.m2/repository/org/apache/poi/poi-ooxml/3.7/poi-ooxml-3.7.jar:/home/chiko/.m2/repository/org/apache/poi/poi-ooxml-schemas/3.7/poi-ooxml-schemas-3.7.jar:/home/chiko/.m2/repository/org/apache/xmlbeans/xmlbeans/2.3.0/xmlbeans-2.3.0.jar:/home/chiko/.m2/repository/stax/stax-api/1.0.1/stax-api-1.0.1.jar:/home/chiko/.m2/repository/org/apache/geronimo/specs/geronimo-stax-api_1.0_spec/1.0/geronimo-stax-api_1.0_spec-1.0.jar:/home/chiko/.m2/repository/dom4j/dom4j/1.6.1/dom4j-1.6.1.jar:/home/chiko/.m2/repository/net/sourceforge/jwebunit/jwebunit-core/2.2/jwebunit-core-2.2.jar:/home/chiko/.m2/repository/regexp/regexp/1.3/regexp-1.3.jar:/home/chiko/.m2/repository/org/mockito/mockito-all/1.7/mockito-all-1.7.jar:/home/chiko/.m2/repository/org/slf4j/slf4j-log4j12/1.5.11/slf4j-log4j12-1.5.11.jar:/home/chiko/.m2/repository/org/apache/httpcomponents/httpcore/4.0.1/httpcore-4.0.1.jar:/home/chiko/.m2/repository/org/apache/httpcomponents/httpcore-nio/4.0.1/httpcore-nio-4.0.1.jar:/home/chiko/.m2/repository/org/apache/httpcomponents/httpclient/4.0.1/httpclient-4.0.1.jar:/home/chiko/.m2/repository/com/google/code/guice/guice/1.0/guice-1.0.jar:/home/chiko/.m2/repository/org/apache/maven/surefire/surefire-testng-utils/2.8/surefire-testng-utils-2.8.jar:"/>
    <property name="java.vm.specification.version" value="1.7"/>
    <property name="sun.arch.data.model" value="64"/>
    <property name="java.home" value="/home/chiko/jdk1.7.0/jre"/>
    <property name="sun.java.command" value="/home/chiko/dev/sqs/trunk/sqs-reader/target/surefire/surefirebooter4002043274487997020.jar /home/chiko/dev/sqs/trunk/sqs-reader/target/surefire/surefire282898226871934845tmp /home/chiko/dev/sqs/trunk/sqs-reader/target/surefire/surefire4585007293235153065tmp"/>
    <property name="java.specification.vendor" value="Oracle Corporation"/>
    <property name="user.language" value="en"/>
    <property name="awt.toolkit" value="sun.awt.X11.XToolkit"/>
    <property name="java.vm.info" value="mixed mode"/>
    <property name="java.version" value="1.7.0"/>
    <property name="java.ext.dirs" value="/home/chiko/jdk1.7.0/jre/lib/ext:/usr/java/packages/lib/ext"/>
    <property name="sun.boot.class.path" value="/home/chiko/jdk1.7.0/jre/lib/resources.jar:/home/chiko/jdk1.7.0/jre/lib/rt.jar:/home/chiko/jdk1.7.0/jre/lib/sunrsasign.jar:/home/chiko/jdk1.7.0/jre/lib/jsse.jar:/home/chiko/jdk1.7.0/jre/lib/jce.jar:/home/chiko/jdk1.7.0/jre/lib/charsets.jar:/home/chiko/jdk1.7.0/jre/classes"/>
    <property name="java.vendor" value="Oracle Corporation"/>
    <property name="localRepository" value="/home/chiko/.m2/repository"/>
    <property name="file.separator" value="/"/>
    <property name="java.vendor.url.bug" value="http://bugreport.sun.com/bugreport/"/>
    <property name="sun.cpu.endian" value="little"/>
    <property name="sun.io.unicode.encoding" value="UnicodeLittle"/>
    <property name="sun.cpu.isalist" value=""/>
  </properties>
  <testcase time="0.012" classname="net.sqs2.omr.util.JarExtenderTest" name="testExtend"/>
  <testcase time="0.001" classname="net.sqs2.omr.util.URLSafeRLEBase64Test" name="testEncodeBasic"/>
  <testcase time="0" classname="net.sqs2.omr.util.URLSafeRLEBase64Test" name="testEncodeByteArray"/>
  <testcase time="0.001" classname="net.sqs2.omr.util.URLSafeRLEBase64Test" name="testEncodeIntValue"/>
  <testcase time="0.001" classname="net.sqs2.omr.util.URLSafeRLEBase64Test" name="testEncodeSequencialByteArray"/>
  <testcase time="0.001" classname="net.sqs2.omr.util.URLSafeRLEBase64Test" name="testEncodeSequencialString"/>
  <testcase time="0.342" classname="net.sqs2.template.TemplateLoaderTest" name="getDefaultTemplateTest"/>
  <testcase time="0.025" classname="net.sqs2.template.TemplateLoaderTest" name="getUserCustomizedTemplateTest"/>
</testsuite>